
[2m> [22m[2mnx run[22m cashier-app:serve:development

[33m❯[39m Building...
[32m✔[39m Building...
[37m[1mInitial chunk files[22m[2m | [22m[1mNames[22m        [2m | [22m [1mRaw size[22m
[32mmain.js[37m            [2m | [22m[2mmain[22m         [2m | [22m [36m38.83 kB[37m[2m | [22m
[32mstyles.css[37m         [2m | [22m[2mstyles[22m       [2m | [22m[36m112 bytes[37m[2m | [22m
[1m [22m                  [2m | [22m[1mInitial total[22m[2m | [22m [1m38.94 kB[22m
Application bundle generation complete. [2.591 seconds] - 2026-05-17T19:09:56.346Z
[39m
[1m[33m[33m▲ [43;33m[[43;30mWARNING[43;33m][0m [1mNG8107: NG8107: The left side of this optional chain operation does not include 'null' or 'undefined' in its type, therefore the '?.' operator can be replaced with the '.' operator. Find more at https://v21.angular.dev/extended-diagnostics/NG8107[0m [1m[35m[plugin angular-compiler][0m
    apps/cashier-app/src/app/landing/landing.component.ts:42:84:
[37m      42 │ ...mibold">Email:</span> {{ authService.user()?.[32memail[37m || 'N/A' }}</p>
         ╵                                                 [32m~~~~~[0m
[39m[22m
[37mWatch mode enabled. Watching for file changes...[39m
[37mNOTE: Raw file sizes do not reflect development server per-request transformations.[39m
  [32m➜[39m  [1mLocal[22m:   [36mhttp://localhost:[1m4201[22m/[39m
[33m❯[39m Changes detected. Rebuilding...
[32m✔[39m Changes detected. Rebuilding...
[37mApplication bundle generation failed. [0.812 seconds] - 2026-05-17T19:50:34.864Z
[39m
[1m[33m[33m▲ [43;33m[[43;30mWARNING[43;33m][0m [1mNG8107: NG8107: The left side of this optional chain operation does not include 'null' or 'undefined' in its type, therefore the '?.' operator can be replaced with the '.' operator. Find more at https://v21.angular.dev/extended-diagnostics/NG8107[0m [1m[35m[plugin angular-compiler][0m
    apps/cashier-app/src/app/landing/landing.component.ts:42:84:
[37m      42 │ ...mibold">Email:</span> {{ authService.user()?.[32memail[37m || 'N/A' }}</p>
         ╵                                                 [32m~~~~~[0m
[39m[22m
[1m[31m[31mX [41;31m[[41;97mERROR[41;31m][0m [1mTS2322: Type 'Observable<{ data: AuthTokens; success: boolean; }>' is not assignable to type 'Observable<AuthTokens>'.
  Type '{ data: AuthTokens; success: boolean; }' is missing the following properties from type 'AuthTokens': accessToken, refreshToken, expiresIn[0m [1m[35m[plugin angular-compiler][0m
    libs/fe/auth/src/lib/auth.service.ts:45:4:
[37m      45 │     [32mreturn[37m this.http.post<{ data: AuthTokens; success: boolean }>(...
         ╵     [32m~~~~~~[0m
[39m[22m
[33m❯[39m Changes detected. Rebuilding...
[32m✔[39m Changes detected. Rebuilding...
[37mApplication bundle generation failed. [0.296 seconds] - 2026-05-17T19:50:38.730Z
[39m
[1m[33m[33m▲ [43;33m[[43;30mWARNING[43;33m][0m [1mNG8107: NG8107: The left side of this optional chain operation does not include 'null' or 'undefined' in its type, therefore the '?.' operator can be replaced with the '.' operator. Find more at https://v21.angular.dev/extended-diagnostics/NG8107[0m [1m[35m[plugin angular-compiler][0m
    apps/cashier-app/src/app/landing/landing.component.ts:42:84:
[37m      42 │ ...mibold">Email:</span> {{ authService.user()?.[32memail[37m || 'N/A' }}</p>
         ╵                                                 [32m~~~~~[0m
[39m[22m
[1m[31m[31mX [41;31m[[41;97mERROR[41;31m][0m [1mTS2322: Type 'Observable<{ data: AuthTokens; success: boolean; }>' is not assignable to type 'Observable<AuthTokens>'.
  Type '{ data: AuthTokens; success: boolean; }' is missing the following properties from type 'AuthTokens': accessToken, refreshToken, expiresIn[0m [1m[35m[plugin angular-compiler][0m
    libs/fe/auth/src/lib/auth.service.ts:45:4:
[37m      45 │     [32mreturn[37m this.http.post<{ data: AuthTokens; success: boolean }>(...
         ╵     [32m~~~~~~[0m
[31mX [41;31m[[41;97mERROR[41;31m][0m [1mTS2322: Type 'Observable<{ data: { accessToken: string; expiresIn: number; }; success: boolean; }>' is not assignable to type 'Observable<{ accessToken: string; expiresIn: number; }>'.
  Type '{ data: { accessToken: string; expiresIn: number; }; success: boolean; }' is missing the following properties from type '{ accessToken: string; expiresIn: number; }': accessToken, expiresIn[0m [1m[35m[plugin angular-compiler][0m
    libs/fe/auth/src/lib/auth.service.ts:77:4:
[37m      77 │     [32mreturn[37m this.http
         ╵     [32m~~~~~~[0m
[39m[22m
[33m❯[39m Changes detected. Rebuilding...
[32m✔[39m Changes detected. Rebuilding...
[37mApplication bundle generation failed. [0.280 seconds] - 2026-05-17T19:50:42.695Z
[39m
[1m[33m[33m▲ [43;33m[[43;30mWARNING[43;33m][0m [1mNG8107: NG8107: The left side of this optional chain operation does not include 'null' or 'undefined' in its type, therefore the '?.' operator can be replaced with the '.' operator. Find more at https://v21.angular.dev/extended-diagnostics/NG8107[0m [1m[35m[plugin angular-compiler][0m
    apps/cashier-app/src/app/landing/landing.component.ts:42:84:
[37m      42 │ ...mibold">Email:</span> {{ authService.user()?.[32memail[37m || 'N/A' }}</p>
         ╵                                                 [32m~~~~~[0m
[39m[22m
[1m[31m[31mX [41;31m[[41;97mERROR[41;31m][0m [1mTS2322: Type 'Observable<{ data: AuthTokens; success: boolean; }>' is not assignable to type 'Observable<AuthTokens>'.
  Type '{ data: AuthTokens; success: boolean; }' is missing the following properties from type 'AuthTokens': accessToken, refreshToken, expiresIn[0m [1m[35m[plugin angular-compiler][0m
    libs/fe/auth/src/lib/auth.service.ts:45:4:
[37m      45 │     [32mreturn[37m this.http.post<{ data: AuthTokens; success: boolean }>(...
         ╵     [32m~~~~~~[0m
[31mX [41;31m[[41;97mERROR[41;31m][0m [1mTS2322: Type 'Observable<{ data: null; success: boolean; }>' is not assignable to type 'Observable<void>'.
  Type '{ data: null; success: boolean; }' is not assignable to type 'void'.[0m [1m[35m[plugin angular-compiler][0m
    libs/fe/auth/src/lib/auth.service.ts:62:4:
[37m      62 │     [32mreturn[37m this.http
         ╵     [32m~~~~~~[0m
[31mX [41;31m[[41;97mERROR[41;31m][0m [1mTS2322: Type 'Observable<{ data: { accessToken: string; expiresIn: number; }; success: boolean; }>' is not assignable to type 'Observable<{ accessToken: string; expiresIn: number; }>'.
  Type '{ data: { accessToken: string; expiresIn: number; }; success: boolean; }' is missing the following properties from type '{ accessToken: string; expiresIn: number; }': accessToken, expiresIn[0m [1m[35m[plugin angular-compiler][0m
    libs/fe/auth/src/lib/auth.service.ts:77:4:
[37m      77 │     [32mreturn[37m this.http
         ╵     [32m~~~~~~[0m
[39m[22m
[33m❯[39m Changes detected. Rebuilding...
[32m✔[39m Changes detected. Rebuilding...
[37mApplication bundle generation failed. [0.317 seconds] - 2026-05-17T19:50:58.569Z
[39m
[1m[33m[33m▲ [43;33m[[43;30mWARNING[43;33m][0m [1mNG8107: NG8107: The left side of this optional chain operation does not include 'null' or 'undefined' in its type, therefore the '?.' operator can be replaced with the '.' operator. Find more at https://v21.angular.dev/extended-diagnostics/NG8107[0m [1m[35m[plugin angular-compiler][0m
    apps/cashier-app/src/app/landing/landing.component.ts:42:84:
[37m      42 │ ...mibold">Email:</span> {{ authService.user()?.[32memail[37m || 'N/A' }}</p>
         ╵                                                 [32m~~~~~[0m
[39m[22m
[1m[31m[31mX [41;31m[[41;97mERROR[41;31m][0m [1mTS2322: Type 'Observable<{ data: AuthTokens; success: boolean; }>' is not assignable to type 'Observable<AuthTokens>'.
  Type '{ data: AuthTokens; success: boolean; }' is missing the following properties from type 'AuthTokens': accessToken, refreshToken, expiresIn[0m [1m[35m[plugin angular-compiler][0m
    libs/fe/auth/src/lib/auth.service.ts:45:4:
[37m      45 │     [32mreturn[37m this.http.post<{ data: AuthTokens; success: boolean }>(...
         ╵     [32m~~~~~~[0m
[31mX [41;31m[[41;97mERROR[41;31m][0m [1mTS2322: Type 'Observable<{ data: null; success: boolean; }>' is not assignable to type 'Observable<void>'.
  Type '{ data: null; success: boolean; }' is not assignable to type 'void'.[0m [1m[35m[plugin angular-compiler][0m
    libs/fe/auth/src/lib/auth.service.ts:62:4:
[37m      62 │     [32mreturn[37m this.http
         ╵     [32m~~~~~~[0m
[31mX [41;31m[[41;97mERROR[41;31m][0m [1mTS2322: Type 'Observable<{ data: { accessToken: string; expiresIn: number; }; success: boolean; }>' is not assignable to type 'Observable<{ accessToken: string; expiresIn: number; }>'.
  Type '{ data: { accessToken: string; expiresIn: number; }; success: boolean; }' is missing the following properties from type '{ accessToken: string; expiresIn: number; }': accessToken, expiresIn[0m [1m[35m[plugin angular-compiler][0m
    libs/fe/auth/src/lib/auth.service.ts:77:4:
[37m      77 │     [32mreturn[37m this.http
         ╵     [32m~~~~~~[0m
[39m[22m
[33m❯[39m Changes detected. Rebuilding...
[32m✔[39m Changes detected. Rebuilding...
[37mApplication bundle generation failed. [0.242 seconds] - 2026-05-17T19:51:19.306Z
[39m
[1m[33m[33m▲ [43;33m[[43;30mWARNING[43;33m][0m [1mNG8107: NG8107: The left side of this optional chain operation does not include 'null' or 'undefined' in its type, therefore the '?.' operator can be replaced with the '.' operator. Find more at https://v21.angular.dev/extended-diagnostics/NG8107[0m [1m[35m[plugin angular-compiler][0m
    apps/cashier-app/src/app/landing/landing.component.ts:42:84:
[37m      42 │ ...mibold">Email:</span> {{ authService.user()?.[32memail[37m || 'N/A' }}</p>
         ╵                                                 [32m~~~~~[0m
[39m[22m
[1m[31m[31mX [41;31m[[41;97mERROR[41;31m][0m [1mTS2322: Type 'Observable<{ data: AuthTokens; success: boolean; }>' is not assignable to type 'Observable<AuthTokens>'.
  Type '{ data: AuthTokens; success: boolean; }' is missing the following properties from type 'AuthTokens': accessToken, refreshToken, expiresIn[0m [1m[35m[plugin angular-compiler][0m
    libs/fe/auth/src/lib/auth.service.ts:45:4:
[37m      45 │     [32mreturn[37m this.http.post<{ data: AuthTokens; success: boolean }>(...
         ╵     [32m~~~~~~[0m
[31mX [41;31m[[41;97mERROR[41;31m][0m [1mTS2322: Type 'Observable<{ data: null; success: boolean; }>' is not assignable to type 'Observable<void>'.
  Type '{ data: null; success: boolean; }' is not assignable to type 'void'.[0m [1m[35m[plugin angular-compiler][0m
    libs/fe/auth/src/lib/auth.service.ts:62:4:
[37m      62 │     [32mreturn[37m this.http
         ╵     [32m~~~~~~[0m
[31mX [41;31m[[41;97mERROR[41;31m][0m [1mTS2322: Type 'Observable<{ data: { accessToken: string; expiresIn: number; }; success: boolean; }>' is not assignable to type 'Observable<{ accessToken: string; expiresIn: number; }>'.
  Type '{ data: { accessToken: string; expiresIn: number; }; success: boolean; }' is missing the following properties from type '{ accessToken: string; expiresIn: number; }': accessToken, expiresIn[0m [1m[35m[plugin angular-compiler][0m
    libs/fe/auth/src/lib/auth.service.ts:77:4:
[37m      77 │     [32mreturn[37m this.http
         ╵     [32m~~~~~~[0m
[39m[22m
[33m❯[39m Changes detected. Rebuilding...
[32m✔[39m Changes detected. Rebuilding...
[37mApplication bundle generation failed. [0.355 seconds] - 2026-05-17T19:51:20.894Z
[39m
[1m[33m[33m▲ [43;33m[[43;30mWARNING[43;33m][0m [1mNG8107: NG8107: The left side of this optional chain operation does not include 'null' or 'undefined' in its type, therefore the '?.' operator can be replaced with the '.' operator. Find more at https://v21.angular.dev/extended-diagnostics/NG8107[0m [1m[35m[plugin angular-compiler][0m
    apps/cashier-app/src/app/landing/landing.component.ts:42:84:
[37m      42 │ ...mibold">Email:</span> {{ authService.user()?.[32memail[37m || 'N/A' }}</p>
         ╵                                                 [32m~~~~~[0m
[39m[22m
[1m[31m[31mX [41;31m[[41;97mERROR[41;31m][0m [1mTS2322: Type 'Observable<{ data: null; success: boolean; }>' is not assignable to type 'Observable<void>'.
  Type '{ data: null; success: boolean; }' is not assignable to type 'void'.[0m [1m[35m[plugin angular-compiler][0m
    libs/fe/auth/src/lib/auth.service.ts:63:4:
[37m      63 │     [32mreturn[37m this.http
         ╵     [32m~~~~~~[0m
[31mX [41;31m[[41;97mERROR[41;31m][0m [1mTS2322: Type 'Observable<{ data: { accessToken: string; expiresIn: number; }; success: boolean; }>' is not assignable to type 'Observable<{ accessToken: string; expiresIn: number; }>'.
  Type '{ data: { accessToken: string; expiresIn: number; }; success: boolean; }' is missing the following properties from type '{ accessToken: string; expiresIn: number; }': accessToken, expiresIn[0m [1m[35m[plugin angular-compiler][0m
    libs/fe/auth/src/lib/auth.service.ts:78:4:
[37m      78 │     [32mreturn[37m this.http
         ╵     [32m~~~~~~[0m
[39m[22m
[33m❯[39m Changes detected. Rebuilding...
[32m✔[39m Changes detected. Rebuilding...
[37mApplication bundle generation failed. [0.331 seconds] - 2026-05-17T19:51:24.170Z
[39m
[1m[33m[33m▲ [43;33m[[43;30mWARNING[43;33m][0m [1mNG8107: NG8107: The left side of this optional chain operation does not include 'null' or 'undefined' in its type, therefore the '?.' operator can be replaced with the '.' operator. Find more at https://v21.angular.dev/extended-diagnostics/NG8107[0m [1m[35m[plugin angular-compiler][0m
    apps/cashier-app/src/app/landing/landing.component.ts:42:84:
[37m      42 │ ...mibold">Email:</span> {{ authService.user()?.[32memail[37m || 'N/A' }}</p>
         ╵                                                 [32m~~~~~[0m
[39m[22m
[1m[31m[31mX [41;31m[[41;97mERROR[41;31m][0m [1mTS2322: Type 'Observable<{ data: { accessToken: string; expiresIn: number; }; success: boolean; }>' is not assignable to type 'Observable<{ accessToken: string; expiresIn: number; }>'.
  Type '{ data: { accessToken: string; expiresIn: number; }; success: boolean; }' is missing the following properties from type '{ accessToken: string; expiresIn: number; }': accessToken, expiresIn[0m [1m[35m[plugin angular-compiler][0m
    libs/fe/auth/src/lib/auth.service.ts:79:4:
[37m      79 │     [32mreturn[37m this.http
         ╵     [32m~~~~~~[0m
[39m[22m
[33m❯[39m Changes detected. Rebuilding...
[32m✔[39m Changes detected. Rebuilding...
[37m[1mInitial chunk files[22m[2m | [22m[1mNames[22m        [2m | [22m [1mRaw size[22m
[32mmain.js[37m            [2m | [22m[2mmain[22m         [2m | [22m [36m39.01 kB[37m[2m | [22m
[32mstyles.css[37m         [2m | [22m[2mstyles[22m       [2m | [22m[36m112 bytes[37m[2m | [22m
[1m [22m                  [2m | [22m[1mInitial total[22m[2m | [22m [1m39.12 kB[22m
Application bundle generation complete. [0.340 seconds] - 2026-05-17T19:51:26.629Z
[39m
[1m[33m[33m▲ [43;33m[[43;30mWARNING[43;33m][0m [1mNG8107: NG8107: The left side of this optional chain operation does not include 'null' or 'undefined' in its type, therefore the '?.' operator can be replaced with the '.' operator. Find more at https://v21.angular.dev/extended-diagnostics/NG8107[0m [1m[35m[plugin angular-compiler][0m
    apps/cashier-app/src/app/landing/landing.component.ts:42:84:
[37m      42 │ ...mibold">Email:</span> {{ authService.user()?.[32memail[37m || 'N/A' }}</p>
         ╵                                                 [32m~~~~~[0m
[39m[22m
[37mPage reload sent to client(s).[39m
[33m❯[39m Changes detected. Rebuilding...
[32m✔[39m Changes detected. Rebuilding...
[37m[1mInitial chunk files[22m[2m | [22m[1mNames[22m[2m | [22m[1mRaw size[22m
[32mmain.js[37m            [2m | [22m[2mmain[22m [2m | [22m[36m43.23 kB[37m[2m | [22m
Application bundle generation complete. [0.267 seconds] - 2026-05-17T20:05:42.025Z
[39m
[1m[33m[33m▲ [43;33m[[43;30mWARNING[43;33m][0m [1mNG8107: NG8107: The left side of this optional chain operation does not include 'null' or 'undefined' in its type, therefore the '?.' operator can be replaced with the '.' operator. Find more at https://v21.angular.dev/extended-diagnostics/NG8107[0m [1m[35m[plugin angular-compiler][0m
    apps/cashier-app/src/app/landing/landing.component.ts:115:75:
[37m      115 │ ...white font-semibold">{{ authService.user()?.[32memail[37m || 'N/A' }}</p>
          ╵                                                [32m~~~~~[0m
[39m[22m
[37mComponent update sent to client(s).[39m
[33m❯[39m Changes detected. Rebuilding...
[32m✔[39m Changes detected. Rebuilding...
[37m[1mInitial chunk files[22m[2m | [22m[1mNames[22m[2m | [22m[1mRaw size[22m
[32mmain.js[37m            [2m | [22m[2mmain[22m [2m | [22m[36m53.73 kB[37m[2m | [22m
Application bundle generation complete. [0.338 seconds] - 2026-05-17T20:20:43.170Z
[39m
[37mComponent update sent to client(s).[39m
[33m❯[39m Changes detected. Rebuilding...
[32m✔[39m Changes detected. Rebuilding...
[37m[1mInitial chunk files[22m[2m | [22m[1mNames[22m[2m | [22m[1mRaw size[22m
[32mmain.js[37m            [2m | [22m[2mmain[22m [2m | [22m[36m47.20 kB[37m[2m | [22m
Application bundle generation complete. [0.590 seconds] - 2026-05-17T20:36:00.594Z
[39m
[37mComponent update sent to client(s).[39m
[33m❯[39m Changes detected. Rebuilding...
[32m✔[39m Changes detected. Rebuilding...
[37m[1mInitial chunk files[22m[2m | [22m[1mNames[22m[2m | [22m[1mRaw size[22m
[32mmain.js[37m            [2m | [22m[2mmain[22m [2m | [22m[36m42.66 kB[37m[2m | [22m
Application bundle generation complete. [0.272 seconds] - 2026-05-17T20:36:04.662Z
[39m
[37mComponent update sent to client(s).[39m
Task "cashier-app:serve:development" is continuous but exited with code 4294967295

[2m[31m[39m[22m

[7m[1m[31m NX [39m[22m[27m  [31mRunning target [1mserve[22m for project cashier-app failed[39m

[2mFailed tasks:[22m

[2m-[22m cashier-app:serve:development

[2mHint: run the command with[22m --verbose [2mfor more details.[22m

