
[2m> [22m[2mnx run[22m gamer-app:serve:development

[33m❯[39m Building...
[32m✔[39m Building...
[37m[1mInitial chunk files[22m[2m | [22m[1mNames[22m        [2m | [22m [1mRaw size[22m
[32mmain.js[37m            [2m | [22m[2mmain[22m         [2m | [22m [36m37.01 kB[37m[2m | [22m
[32mstyles.css[37m         [2m | [22m[2mstyles[22m       [2m | [22m[36m110 bytes[37m[2m | [22m
[1m [22m                  [2m | [22m[1mInitial total[22m[2m | [22m [1m37.12 kB[22m
Application bundle generation complete. [2.725 seconds] - 2026-05-17T19:09:58.593Z
[39m
[37mWatch mode enabled. Watching for file changes...[39m
[37mNOTE: Raw file sizes do not reflect development server per-request transformations.[39m
  [32m➜[39m  [1mLocal[22m:   [36mhttp://localhost:[1m4202[22m/[39m
[33m❯[39m Changes detected. Rebuilding...
[32m✔[39m Changes detected. Rebuilding...
[37mApplication bundle generation failed. [0.864 seconds] - 2026-05-17T19:50:34.933Z
[39m
[1m[31m[31mX [41;31m[[41;97mERROR[41;31m][0m [1mTS2322: Type 'Observable<{ data: AuthTokens; success: boolean; }>' is not assignable to type 'Observable<AuthTokens>'.
  Type '{ data: AuthTokens; success: boolean; }' is missing the following properties from type 'AuthTokens': accessToken, refreshToken, expiresIn[0m [1m[35m[plugin angular-compiler][0m
    libs/fe/auth/src/lib/auth.service.ts:45:4:
[37m      45 │     [32mreturn[37m this.http.post<{ data: AuthTokens; success: boolean }>(...
         ╵     [32m~~~~~~[0m
[39m[22m
[33m❯[39m Changes detected. Rebuilding...
[32m✔[39m Changes detected. Rebuilding...
[37mApplication bundle generation failed. [0.311 seconds] - 2026-05-17T19:50:38.744Z
[39m
[1m[31m[31mX [41;31m[[41;97mERROR[41;31m][0m [1mTS2322: Type 'Observable<{ data: AuthTokens; success: boolean; }>' is not assignable to type 'Observable<AuthTokens>'.
  Type '{ data: AuthTokens; success: boolean; }' is missing the following properties from type 'AuthTokens': accessToken, refreshToken, expiresIn[0m [1m[35m[plugin angular-compiler][0m
    libs/fe/auth/src/lib/auth.service.ts:45:4:
[37m      45 │     [32mreturn[37m this.http.post<{ data: AuthTokens; success: boolean }>(...
         ╵     [32m~~~~~~[0m
[31mX [41;31m[[41;97mERROR[41;31m][0m [1mTS2322: Type 'Observable<{ data: { accessToken: string; expiresIn: number; }; success: boolean; }>' is not assignable to type 'Observable<{ accessToken: string; expiresIn: number; }>'.
  Type '{ data: { accessToken: string; expiresIn: number; }; success: boolean; }' is missing the following properties from type '{ accessToken: string; expiresIn: number; }': accessToken, expiresIn[0m [1m[35m[plugin angular-compiler][0m
    libs/fe/auth/src/lib/auth.service.ts:77:4:
[37m      77 │     [32mreturn[37m this.http
         ╵     [32m~~~~~~[0m
[39m[22m
[33m❯[39m Changes detected. Rebuilding...
[32m✔[39m Changes detected. Rebuilding...
[37mApplication bundle generation failed. [0.302 seconds] - 2026-05-17T19:50:42.699Z
[39m
[1m[31m[31mX [41;31m[[41;97mERROR[41;31m][0m [1mTS2322: Type 'Observable<{ data: AuthTokens; success: boolean; }>' is not assignable to type 'Observable<AuthTokens>'.
  Type '{ data: AuthTokens; success: boolean; }' is missing the following properties from type 'AuthTokens': accessToken, refreshToken, expiresIn[0m [1m[35m[plugin angular-compiler][0m
    libs/fe/auth/src/lib/auth.service.ts:45:4:
[37m      45 │     [32mreturn[37m this.http.post<{ data: AuthTokens; success: boolean }>(...
         ╵     [32m~~~~~~[0m
[31mX [41;31m[[41;97mERROR[41;31m][0m [1mTS2322: Type 'Observable<{ data: null; success: boolean; }>' is not assignable to type 'Observable<void>'.
  Type '{ data: null; success: boolean; }' is not assignable to type 'void'.[0m [1m[35m[plugin angular-compiler][0m
    libs/fe/auth/src/lib/auth.service.ts:62:4:
[37m      62 │     [32mreturn[37m this.http
         ╵     [32m~~~~~~[0m
[31mX [41;31m[[41;97mERROR[41;31m][0m [1mTS2322: Type 'Observable<{ data: { accessToken: string; expiresIn: number; }; success: boolean; }>' is not assignable to type 'Observable<{ accessToken: string; expiresIn: number; }>'.
  Type '{ data: { accessToken: string; expiresIn: number; }; success: boolean; }' is missing the following properties from type '{ accessToken: string; expiresIn: number; }': accessToken, expiresIn[0m [1m[35m[plugin angular-compiler][0m
    libs/fe/auth/src/lib/auth.service.ts:77:4:
[37m      77 │     [32mreturn[37m this.http
         ╵     [32m~~~~~~[0m
[39m[22m
[33m❯[39m Changes detected. Rebuilding...
[32m✔[39m Changes detected. Rebuilding...
[37mApplication bundle generation failed. [0.503 seconds] - 2026-05-17T19:51:01.175Z
[39m
[1m[31m[31mX [41;31m[[41;97mERROR[41;31m][0m [1mTS2322: Type 'Observable<{ data: AuthTokens; success: boolean; }>' is not assignable to type 'Observable<AuthTokens>'.
  Type '{ data: AuthTokens; success: boolean; }' is missing the following properties from type 'AuthTokens': accessToken, refreshToken, expiresIn[0m [1m[35m[plugin angular-compiler][0m
    libs/fe/auth/src/lib/auth.service.ts:45:4:
[37m      45 │     [32mreturn[37m this.http.post<{ data: AuthTokens; success: boolean }>(...
         ╵     [32m~~~~~~[0m
[31mX [41;31m[[41;97mERROR[41;31m][0m [1mTS2322: Type 'Observable<{ data: null; success: boolean; }>' is not assignable to type 'Observable<void>'.
  Type '{ data: null; success: boolean; }' is not assignable to type 'void'.[0m [1m[35m[plugin angular-compiler][0m
    libs/fe/auth/src/lib/auth.service.ts:62:4:
[37m      62 │     [32mreturn[37m this.http
         ╵     [32m~~~~~~[0m
[31mX [41;31m[[41;97mERROR[41;31m][0m [1mTS2322: Type 'Observable<{ data: { accessToken: string; expiresIn: number; }; success: boolean; }>' is not assignable to type 'Observable<{ accessToken: string; expiresIn: number; }>'.
  Type '{ data: { accessToken: string; expiresIn: number; }; success: boolean; }' is missing the following properties from type '{ accessToken: string; expiresIn: number; }': accessToken, expiresIn[0m [1m[35m[plugin angular-compiler][0m
    libs/fe/auth/src/lib/auth.service.ts:77:4:
[37m      77 │     [32mreturn[37m this.http
         ╵     [32m~~~~~~[0m
[39m[22m
[33m❯[39m Changes detected. Rebuilding...
[32m✔[39m Changes detected. Rebuilding...
[37mApplication bundle generation failed. [0.236 seconds] - 2026-05-17T19:51:19.299Z
[39m
[1m[31m[31mX [41;31m[[41;97mERROR[41;31m][0m [1mTS2322: Type 'Observable<{ data: AuthTokens; success: boolean; }>' is not assignable to type 'Observable<AuthTokens>'.
  Type '{ data: AuthTokens; success: boolean; }' is missing the following properties from type 'AuthTokens': accessToken, refreshToken, expiresIn[0m [1m[35m[plugin angular-compiler][0m
    libs/fe/auth/src/lib/auth.service.ts:45:4:
[37m      45 │     [32mreturn[37m this.http.post<{ data: AuthTokens; success: boolean }>(...
         ╵     [32m~~~~~~[0m
[31mX [41;31m[[41;97mERROR[41;31m][0m [1mTS2322: Type 'Observable<{ data: null; success: boolean; }>' is not assignable to type 'Observable<void>'.
  Type '{ data: null; success: boolean; }' is not assignable to type 'void'.[0m [1m[35m[plugin angular-compiler][0m
    libs/fe/auth/src/lib/auth.service.ts:62:4:
[37m      62 │     [32mreturn[37m this.http
         ╵     [32m~~~~~~[0m
[31mX [41;31m[[41;97mERROR[41;31m][0m [1mTS2322: Type 'Observable<{ data: { accessToken: string; expiresIn: number; }; success: boolean; }>' is not assignable to type 'Observable<{ accessToken: string; expiresIn: number; }>'.
  Type '{ data: { accessToken: string; expiresIn: number; }; success: boolean; }' is missing the following properties from type '{ accessToken: string; expiresIn: number; }': accessToken, expiresIn[0m [1m[35m[plugin angular-compiler][0m
    libs/fe/auth/src/lib/auth.service.ts:77:4:
[37m      77 │     [32mreturn[37m this.http
         ╵     [32m~~~~~~[0m
[39m[22m
[33m❯[39m Changes detected. Rebuilding...
[32m✔[39m Changes detected. Rebuilding...
[37mApplication bundle generation failed. [0.318 seconds] - 2026-05-17T19:51:20.859Z
[39m
[1m[31m[31mX [41;31m[[41;97mERROR[41;31m][0m [1mTS2322: Type 'Observable<{ data: null; success: boolean; }>' is not assignable to type 'Observable<void>'.
  Type '{ data: null; success: boolean; }' is not assignable to type 'void'.[0m [1m[35m[plugin angular-compiler][0m
    libs/fe/auth/src/lib/auth.service.ts:63:4:
[37m      63 │     [32mreturn[37m this.http
         ╵     [32m~~~~~~[0m
[31mX [41;31m[[41;97mERROR[41;31m][0m [1mTS2322: Type 'Observable<{ data: { accessToken: string; expiresIn: number; }; success: boolean; }>' is not assignable to type 'Observable<{ accessToken: string; expiresIn: number; }>'.
  Type '{ data: { accessToken: string; expiresIn: number; }; success: boolean; }' is missing the following properties from type '{ accessToken: string; expiresIn: number; }': accessToken, expiresIn[0m [1m[35m[plugin angular-compiler][0m
    libs/fe/auth/src/lib/auth.service.ts:78:4:
[37m      78 │     [32mreturn[37m this.http
         ╵     [32m~~~~~~[0m
[39m[22m
[33m❯[39m Changes detected. Rebuilding...
[32m✔[39m Changes detected. Rebuilding...
[37mApplication bundle generation failed. [0.363 seconds] - 2026-05-17T19:51:24.201Z
[39m
[1m[31m[31mX [41;31m[[41;97mERROR[41;31m][0m [1mTS2322: Type 'Observable<{ data: { accessToken: string; expiresIn: number; }; success: boolean; }>' is not assignable to type 'Observable<{ accessToken: string; expiresIn: number; }>'.
  Type '{ data: { accessToken: string; expiresIn: number; }; success: boolean; }' is missing the following properties from type '{ accessToken: string; expiresIn: number; }': accessToken, expiresIn[0m [1m[35m[plugin angular-compiler][0m
    libs/fe/auth/src/lib/auth.service.ts:79:4:
[37m      79 │     [32mreturn[37m this.http
         ╵     [32m~~~~~~[0m
[39m[22m
[33m❯[39m Changes detected. Rebuilding...
[32m✔[39m Changes detected. Rebuilding...
[37m[1mInitial chunk files[22m[2m | [22m[1mNames[22m        [2m | [22m [1mRaw size[22m
[32mmain.js[37m            [2m | [22m[2mmain[22m         [2m | [22m [36m37.18 kB[37m[2m | [22m
[32mstyles.css[37m         [2m | [22m[2mstyles[22m       [2m | [22m[36m110 bytes[37m[2m | [22m
[1m [22m                  [2m | [22m[1mInitial total[22m[2m | [22m [1m37.29 kB[22m
Application bundle generation complete. [0.386 seconds] - 2026-05-17T19:51:26.660Z
[39m
[37mPage reload sent to client(s).[39m
